  AStar_Alg.cpp
C:\Users\usuario\source\repos\AA3-Pathfinding-DavidCastro_PedroGonzalez_VictorRomero\AA3\SDL_Pathfinding\Graph.h(11,21): warning C4018: '<': signed/unsigned mismatch
C:\Users\usuario\source\repos\AA3-Pathfinding-DavidCastro_PedroGonzalez_VictorRomero\AA3\SDL_Pathfinding\Graph.h(12,22): warning C4018: '<': signed/unsigned mismatch
C:\Users\usuario\source\repos\AA3-Pathfinding-DavidCastro_PedroGonzalez_VictorRomero\AA3\SDL_Pathfinding\Graph.h(15,50): warning C4244: 'argument': conversion from 'int' to 'float', possible loss of data
C:\Users\usuario\source\repos\AA3-Pathfinding-DavidCastro_PedroGonzalez_VictorRomero\AA3\SDL_Pathfinding\Graph.h(15,47): warning C4244: 'argument': conversion from 'int' to 'float', possible loss of data
C:\Users\usuario\source\repos\AA3-Pathfinding-DavidCastro_PedroGonzalez_VictorRomero\AA3\SDL_Pathfinding\Graph.h(19,55): warning C4244: 'argument': conversion from 'int' to 'float', possible loss of data
C:\Users\usuario\source\repos\AA3-Pathfinding-DavidCastro_PedroGonzalez_VictorRomero\AA3\SDL_Pathfinding\Graph.h(19,50): warning C4244: 'argument': conversion from 'int' to 'float', possible loss of data
C:\Users\usuario\source\repos\AA3-Pathfinding-DavidCastro_PedroGonzalez_VictorRomero\AA3\SDL_Pathfinding\Graph.h(24,16): warning C4018: '<': signed/unsigned mismatch
C:\Users\usuario\source\repos\AA3-Pathfinding-DavidCastro_PedroGonzalez_VictorRomero\AA3\SDL_Pathfinding\Graph.h(25,56): warning C4244: 'argument': conversion from 'int' to 'float', possible loss of data
C:\Users\usuario\source\repos\AA3-Pathfinding-DavidCastro_PedroGonzalez_VictorRomero\AA3\SDL_Pathfinding\Graph.h(25,51): warning C4244: 'argument': conversion from 'int' to 'float', possible loss of data
C:\Users\usuario\source\repos\AA3-Pathfinding-DavidCastro_PedroGonzalez_VictorRomero\AA3\SDL_Pathfinding\Graph.h(30,16): warning C4018: '<': signed/unsigned mismatch
C:\Users\usuario\source\repos\AA3-Pathfinding-DavidCastro_PedroGonzalez_VictorRomero\AA3\SDL_Pathfinding\Graph.h(31,57): warning C4244: 'argument': conversion from 'int' to 'float', possible loss of data
C:\Users\usuario\source\repos\AA3-Pathfinding-DavidCastro_PedroGonzalez_VictorRomero\AA3\SDL_Pathfinding\Graph.h(31,52): warning C4244: 'argument': conversion from 'int' to 'float', possible loss of data
C:\Users\usuario\source\repos\AA3-Pathfinding-DavidCastro_PedroGonzalez_VictorRomero\AA3\SDL_Pathfinding\Graph.h(37,55): warning C4244: 'argument': conversion from 'int' to 'float', possible loss of data
C:\Users\usuario\source\repos\AA3-Pathfinding-DavidCastro_PedroGonzalez_VictorRomero\AA3\SDL_Pathfinding\Graph.h(37,50): warning C4244: 'argument': conversion from 'int' to 'float', possible loss of data
C:\Users\usuario\source\repos\AA3-Pathfinding-DavidCastro_PedroGonzalez_VictorRomero\AA3\SDL_Pathfinding\Graph.h(50,27): warning C4018: '<': signed/unsigned mismatch
C:\Users\usuario\source\repos\AA3-Pathfinding-DavidCastro_PedroGonzalez_VictorRomero\AA3\SDL_Pathfinding\Graph.h(60,21): warning C4018: '<': signed/unsigned mismatch
C:\Users\usuario\source\repos\AA3-Pathfinding-DavidCastro_PedroGonzalez_VictorRomero\AA3\SDL_Pathfinding\Graph.h(73,21): warning C4018: '<': signed/unsigned mismatch
C:\Users\usuario\source\repos\AA3-Pathfinding-DavidCastro_PedroGonzalez_VictorRomero\AA3\SDL_Pathfinding\Graph.h(74,22): warning C4018: '<': signed/unsigned mismatch
C:\Users\usuario\source\repos\AA3-Pathfinding-DavidCastro_PedroGonzalez_VictorRomero\AA3\SDL_Pathfinding\Graph.h(110,11): warning C4244: 'return': conversion from 'int' to 'float', possible loss of data
C:\Users\usuario\source\repos\AA3-Pathfinding-DavidCastro_PedroGonzalez_VictorRomero\AA3\SDL_Pathfinding\AStar_Alg.cpp(42,28): warning C4018: '<': signed/unsigned mismatch
C:\Program Files\Microsoft Visual Studio\2022\Community\VC\Tools\MSVC\14.33.31629\include\utility(256,38): warning C4244: 'argument': conversion from '_Ty' to 'float', possible loss of data
          with
          [
              _Ty=int
          ]
C:\Users\usuario\source\repos\AA3-Pathfinding-DavidCastro_PedroGonzalez_VictorRomero\AA3\SDL_Pathfinding\AStar_Alg.cpp(21): message : see reference to function template instantiation 'std::pair<Vector2D,Vector2D>::pair<int,Vector2D,0>(std::pair<int,Vector2D> &&) noexcept(false)' being compiled
C:\Users\usuario\source\repos\AA3-Pathfinding-DavidCastro_PedroGonzalez_VictorRomero\AA3\SDL_Pathfinding\AStar_Alg.cpp(21): message : see reference to function template instantiation 'std::pair<Vector2D,Vector2D>::pair<int,Vector2D,0>(std::pair<int,Vector2D> &&) noexcept(false)' being compiled
  BFS_Alg.cpp
C:\Users\usuario\source\repos\AA3-Pathfinding-DavidCastro_PedroGonzalez_VictorRomero\AA3\SDL_Pathfinding\Graph.h(11,21): warning C4018: '<': signed/unsigned mismatch
C:\Users\usuario\source\repos\AA3-Pathfinding-DavidCastro_PedroGonzalez_VictorRomero\AA3\SDL_Pathfinding\Graph.h(12,22): warning C4018: '<': signed/unsigned mismatch
C:\Users\usuario\source\repos\AA3-Pathfinding-DavidCastro_PedroGonzalez_VictorRomero\AA3\SDL_Pathfinding\Graph.h(15,50): warning C4244: 'argument': conversion from 'int' to 'float', possible loss of data
C:\Users\usuario\source\repos\AA3-Pathfinding-DavidCastro_PedroGonzalez_VictorRomero\AA3\SDL_Pathfinding\Graph.h(15,47): warning C4244: 'argument': conversion from 'int' to 'float', possible loss of data
C:\Users\usuario\source\repos\AA3-Pathfinding-DavidCastro_PedroGonzalez_VictorRomero\AA3\SDL_Pathfinding\Graph.h(19,55): warning C4244: 'argument': conversion from 'int' to 'float', possible loss of data
C:\Users\usuario\source\repos\AA3-Pathfinding-DavidCastro_PedroGonzalez_VictorRomero\AA3\SDL_Pathfinding\Graph.h(19,50): warning C4244: 'argument': conversion from 'int' to 'float', possible loss of data
C:\Users\usuario\source\repos\AA3-Pathfinding-DavidCastro_PedroGonzalez_VictorRomero\AA3\SDL_Pathfinding\Graph.h(24,16): warning C4018: '<': signed/unsigned mismatch
C:\Users\usuario\source\repos\AA3-Pathfinding-DavidCastro_PedroGonzalez_VictorRomero\AA3\SDL_Pathfinding\Graph.h(25,56): warning C4244: 'argument': conversion from 'int' to 'float', possible loss of data
C:\Users\usuario\source\repos\AA3-Pathfinding-DavidCastro_PedroGonzalez_VictorRomero\AA3\SDL_Pathfinding\Graph.h(25,51): warning C4244: 'argument': conversion from 'int' to 'float', possible loss of data
C:\Users\usuario\source\repos\AA3-Pathfinding-DavidCastro_PedroGonzalez_VictorRomero\AA3\SDL_Pathfinding\Graph.h(30,16): warning C4018: '<': signed/unsigned mismatch
C:\Users\usuario\source\repos\AA3-Pathfinding-DavidCastro_PedroGonzalez_VictorRomero\AA3\SDL_Pathfinding\Graph.h(31,57): warning C4244: 'argument': conversion from 'int' to 'float', possible loss of data
C:\Users\usuario\source\repos\AA3-Pathfinding-DavidCastro_PedroGonzalez_VictorRomero\AA3\SDL_Pathfinding\Graph.h(31,52): warning C4244: 'argument': conversion from 'int' to 'float', possible loss of data
C:\Users\usuario\source\repos\AA3-Pathfinding-DavidCastro_PedroGonzalez_VictorRomero\AA3\SDL_Pathfinding\Graph.h(37,55): warning C4244: 'argument': conversion from 'int' to 'float', possible loss of data
C:\Users\usuario\source\repos\AA3-Pathfinding-DavidCastro_PedroGonzalez_VictorRomero\AA3\SDL_Pathfinding\Graph.h(37,50): warning C4244: 'argument': conversion from 'int' to 'float', possible loss of data
C:\Users\usuario\source\repos\AA3-Pathfinding-DavidCastro_PedroGonzalez_VictorRomero\AA3\SDL_Pathfinding\Graph.h(50,27): warning C4018: '<': signed/unsigned mismatch
C:\Users\usuario\source\repos\AA3-Pathfinding-DavidCastro_PedroGonzalez_VictorRomero\AA3\SDL_Pathfinding\Graph.h(60,21): warning C4018: '<': signed/unsigned mismatch
C:\Users\usuario\source\repos\AA3-Pathfinding-DavidCastro_PedroGonzalez_VictorRomero\AA3\SDL_Pathfinding\Graph.h(73,21): warning C4018: '<': signed/unsigned mismatch
C:\Users\usuario\source\repos\AA3-Pathfinding-DavidCastro_PedroGonzalez_VictorRomero\AA3\SDL_Pathfinding\Graph.h(74,22): warning C4018: '<': signed/unsigned mismatch
C:\Users\usuario\source\repos\AA3-Pathfinding-DavidCastro_PedroGonzalez_VictorRomero\AA3\SDL_Pathfinding\Graph.h(110,11): warning C4244: 'return': conversion from 'int' to 'float', possible loss of data
C:\Users\usuario\source\repos\AA3-Pathfinding-DavidCastro_PedroGonzalez_VictorRomero\AA3\SDL_Pathfinding\BFS_Alg.cpp(30,28): warning C4018: '<': signed/unsigned mismatch
C:\Program Files\Microsoft Visual Studio\2022\Community\VC\Tools\MSVC\14.33.31629\include\utility(256,38): warning C4244: 'argument': conversion from '_Ty' to 'float', possible loss of data
          with
          [
              _Ty=int
          ]
C:\Users\usuario\source\repos\AA3-Pathfinding-DavidCastro_PedroGonzalez_VictorRomero\AA3\SDL_Pathfinding\BFS_Alg.cpp(12): message : see reference to function template instantiation 'std::pair<Vector2D,Vector2D>::pair<int,Vector2D,0>(std::pair<int,Vector2D> &&) noexcept(false)' being compiled
C:\Users\usuario\source\repos\AA3-Pathfinding-DavidCastro_PedroGonzalez_VictorRomero\AA3\SDL_Pathfinding\BFS_Alg.cpp(12): message : see reference to function template instantiation 'std::pair<Vector2D,Vector2D>::pair<int,Vector2D,0>(std::pair<int,Vector2D> &&) noexcept(false)' being compiled
  Djikstra_Alg.cpp
C:\Users\usuario\source\repos\AA3-Pathfinding-DavidCastro_PedroGonzalez_VictorRomero\AA3\SDL_Pathfinding\Graph.h(11,21): warning C4018: '<': signed/unsigned mismatch
C:\Users\usuario\source\repos\AA3-Pathfinding-DavidCastro_PedroGonzalez_VictorRomero\AA3\SDL_Pathfinding\Graph.h(12,22): warning C4018: '<': signed/unsigned mismatch
C:\Users\usuario\source\repos\AA3-Pathfinding-DavidCastro_PedroGonzalez_VictorRomero\AA3\SDL_Pathfinding\Graph.h(15,50): warning C4244: 'argument': conversion from 'int' to 'float', possible loss of data
C:\Users\usuario\source\repos\AA3-Pathfinding-DavidCastro_PedroGonzalez_VictorRomero\AA3\SDL_Pathfinding\Graph.h(15,47): warning C4244: 'argument': conversion from 'int' to 'float', possible loss of data
C:\Users\usuario\source\repos\AA3-Pathfinding-DavidCastro_PedroGonzalez_VictorRomero\AA3\SDL_Pathfinding\Graph.h(19,55): warning C4244: 'argument': conversion from 'int' to 'float', possible loss of data
C:\Users\usuario\source\repos\AA3-Pathfinding-DavidCastro_PedroGonzalez_VictorRomero\AA3\SDL_Pathfinding\Graph.h(19,50): warning C4244: 'argument': conversion from 'int' to 'float', possible loss of data
C:\Users\usuario\source\repos\AA3-Pathfinding-DavidCastro_PedroGonzalez_VictorRomero\AA3\SDL_Pathfinding\Graph.h(24,16): warning C4018: '<': signed/unsigned mismatch
C:\Users\usuario\source\repos\AA3-Pathfinding-DavidCastro_PedroGonzalez_VictorRomero\AA3\SDL_Pathfinding\Graph.h(25,56): warning C4244: 'argument': conversion from 'int' to 'float', possible loss of data
C:\Users\usuario\source\repos\AA3-Pathfinding-DavidCastro_PedroGonzalez_VictorRomero\AA3\SDL_Pathfinding\Graph.h(25,51): warning C4244: 'argument': conversion from 'int' to 'float', possible loss of data
C:\Users\usuario\source\repos\AA3-Pathfinding-DavidCastro_PedroGonzalez_VictorRomero\AA3\SDL_Pathfinding\Graph.h(30,16): warning C4018: '<': signed/unsigned mismatch
C:\Users\usuario\source\repos\AA3-Pathfinding-DavidCastro_PedroGonzalez_VictorRomero\AA3\SDL_Pathfinding\Graph.h(31,57): warning C4244: 'argument': conversion from 'int' to 'float', possible loss of data
C:\Users\usuario\source\repos\AA3-Pathfinding-DavidCastro_PedroGonzalez_VictorRomero\AA3\SDL_Pathfinding\Graph.h(31,52): warning C4244: 'argument': conversion from 'int' to 'float', possible loss of data
C:\Users\usuario\source\repos\AA3-Pathfinding-DavidCastro_PedroGonzalez_VictorRomero\AA3\SDL_Pathfinding\Graph.h(37,55): warning C4244: 'argument': conversion from 'int' to 'float', possible loss of data
C:\Users\usuario\source\repos\AA3-Pathfinding-DavidCastro_PedroGonzalez_VictorRomero\AA3\SDL_Pathfinding\Graph.h(37,50): warning C4244: 'argument': conversion from 'int' to 'float', possible loss of data
C:\Users\usuario\source\repos\AA3-Pathfinding-DavidCastro_PedroGonzalez_VictorRomero\AA3\SDL_Pathfinding\Graph.h(50,27): warning C4018: '<': signed/unsigned mismatch
C:\Users\usuario\source\repos\AA3-Pathfinding-DavidCastro_PedroGonzalez_VictorRomero\AA3\SDL_Pathfinding\Graph.h(60,21): warning C4018: '<': signed/unsigned mismatch
C:\Users\usuario\source\repos\AA3-Pathfinding-DavidCastro_PedroGonzalez_VictorRomero\AA3\SDL_Pathfinding\Graph.h(73,21): warning C4018: '<': signed/unsigned mismatch
C:\Users\usuario\source\repos\AA3-Pathfinding-DavidCastro_PedroGonzalez_VictorRomero\AA3\SDL_Pathfinding\Graph.h(74,22): warning C4018: '<': signed/unsigned mismatch
C:\Users\usuario\source\repos\AA3-Pathfinding-DavidCastro_PedroGonzalez_VictorRomero\AA3\SDL_Pathfinding\Graph.h(110,11): warning C4244: 'return': conversion from 'int' to 'float', possible loss of data
C:\Users\usuario\source\repos\AA3-Pathfinding-DavidCastro_PedroGonzalez_VictorRomero\AA3\SDL_Pathfinding\Djikstra_Alg.cpp(36,28): warning C4018: '<': signed/unsigned mismatch
C:\Program Files\Microsoft Visual Studio\2022\Community\VC\Tools\MSVC\14.33.31629\include\utility(256,38): warning C4244: 'argument': conversion from '_Ty' to 'float', possible loss of data
          with
          [
              _Ty=int
          ]
C:\Users\usuario\source\repos\AA3-Pathfinding-DavidCastro_PedroGonzalez_VictorRomero\AA3\SDL_Pathfinding\Djikstra_Alg.cpp(15): message : see reference to function template instantiation 'std::pair<Vector2D,Vector2D>::pair<int,Vector2D,0>(std::pair<int,Vector2D> &&) noexcept(false)' being compiled
C:\Users\usuario\source\repos\AA3-Pathfinding-DavidCastro_PedroGonzalez_VictorRomero\AA3\SDL_Pathfinding\Djikstra_Alg.cpp(15): message : see reference to function template instantiation 'std::pair<Vector2D,Vector2D>::pair<int,Vector2D,0>(std::pair<int,Vector2D> &&) noexcept(false)' being compiled
  Greedy_Alg.cpp
C:\Users\usuario\source\repos\AA3-Pathfinding-DavidCastro_PedroGonzalez_VictorRomero\AA3\SDL_Pathfinding\Graph.h(11,21): warning C4018: '<': signed/unsigned mismatch
C:\Users\usuario\source\repos\AA3-Pathfinding-DavidCastro_PedroGonzalez_VictorRomero\AA3\SDL_Pathfinding\Graph.h(12,22): warning C4018: '<': signed/unsigned mismatch
C:\Users\usuario\source\repos\AA3-Pathfinding-DavidCastro_PedroGonzalez_VictorRomero\AA3\SDL_Pathfinding\Graph.h(15,50): warning C4244: 'argument': conversion from 'int' to 'float', possible loss of data
C:\Users\usuario\source\repos\AA3-Pathfinding-DavidCastro_PedroGonzalez_VictorRomero\AA3\SDL_Pathfinding\Graph.h(15,47): warning C4244: 'argument': conversion from 'int' to 'float', possible loss of data
C:\Users\usuario\source\repos\AA3-Pathfinding-DavidCastro_PedroGonzalez_VictorRomero\AA3\SDL_Pathfinding\Graph.h(19,55): warning C4244: 'argument': conversion from 'int' to 'float', possible loss of data
C:\Users\usuario\source\repos\AA3-Pathfinding-DavidCastro_PedroGonzalez_VictorRomero\AA3\SDL_Pathfinding\Graph.h(19,50): warning C4244: 'argument': conversion from 'int' to 'float', possible loss of data
C:\Users\usuario\source\repos\AA3-Pathfinding-DavidCastro_PedroGonzalez_VictorRomero\AA3\SDL_Pathfinding\Graph.h(24,16): warning C4018: '<': signed/unsigned mismatch
C:\Users\usuario\source\repos\AA3-Pathfinding-DavidCastro_PedroGonzalez_VictorRomero\AA3\SDL_Pathfinding\Graph.h(25,56): warning C4244: 'argument': conversion from 'int' to 'float', possible loss of data
C:\Users\usuario\source\repos\AA3-Pathfinding-DavidCastro_PedroGonzalez_VictorRomero\AA3\SDL_Pathfinding\Graph.h(25,51): warning C4244: 'argument': conversion from 'int' to 'float', possible loss of data
C:\Users\usuario\source\repos\AA3-Pathfinding-DavidCastro_PedroGonzalez_VictorRomero\AA3\SDL_Pathfinding\Graph.h(30,16): warning C4018: '<': signed/unsigned mismatch
C:\Users\usuario\source\repos\AA3-Pathfinding-DavidCastro_PedroGonzalez_VictorRomero\AA3\SDL_Pathfinding\Graph.h(31,57): warning C4244: 'argument': conversion from 'int' to 'float', possible loss of data
C:\Users\usuario\source\repos\AA3-Pathfinding-DavidCastro_PedroGonzalez_VictorRomero\AA3\SDL_Pathfinding\Graph.h(31,52): warning C4244: 'argument': conversion from 'int' to 'float', possible loss of data
C:\Users\usuario\source\repos\AA3-Pathfinding-DavidCastro_PedroGonzalez_VictorRomero\AA3\SDL_Pathfinding\Graph.h(37,55): warning C4244: 'argument': conversion from 'int' to 'float', possible loss of data
C:\Users\usuario\source\repos\AA3-Pathfinding-DavidCastro_PedroGonzalez_VictorRomero\AA3\SDL_Pathfinding\Graph.h(37,50): warning C4244: 'argument': conversion from 'int' to 'float', possible loss of data
C:\Users\usuario\source\repos\AA3-Pathfinding-DavidCastro_PedroGonzalez_VictorRomero\AA3\SDL_Pathfinding\Graph.h(50,27): warning C4018: '<': signed/unsigned mismatch
C:\Users\usuario\source\repos\AA3-Pathfinding-DavidCastro_PedroGonzalez_VictorRomero\AA3\SDL_Pathfinding\Graph.h(60,21): warning C4018: '<': signed/unsigned mismatch
C:\Users\usuario\source\repos\AA3-Pathfinding-DavidCastro_PedroGonzalez_VictorRomero\AA3\SDL_Pathfinding\Graph.h(73,21): warning C4018: '<': signed/unsigned mismatch
C:\Users\usuario\source\repos\AA3-Pathfinding-DavidCastro_PedroGonzalez_VictorRomero\AA3\SDL_Pathfinding\Graph.h(74,22): warning C4018: '<': signed/unsigned mismatch
C:\Users\usuario\source\repos\AA3-Pathfinding-DavidCastro_PedroGonzalez_VictorRomero\AA3\SDL_Pathfinding\Graph.h(110,11): warning C4244: 'return': conversion from 'int' to 'float', possible loss of data
C:\Users\usuario\source\repos\AA3-Pathfinding-DavidCastro_PedroGonzalez_VictorRomero\AA3\SDL_Pathfinding\Greedy_Alg.cpp(37,28): warning C4018: '<': signed/unsigned mismatch
C:\Program Files\Microsoft Visual Studio\2022\Community\VC\Tools\MSVC\14.33.31629\include\utility(256,38): warning C4244: 'argument': conversion from '_Ty' to 'float', possible loss of data
          with
          [
              _Ty=int
          ]
C:\Users\usuario\source\repos\AA3-Pathfinding-DavidCastro_PedroGonzalez_VictorRomero\AA3\SDL_Pathfinding\Greedy_Alg.cpp(18): message : see reference to function template instantiation 'std::pair<Vector2D,Vector2D>::pair<int,Vector2D,0>(std::pair<int,Vector2D> &&) noexcept(false)' being compiled
C:\Users\usuario\source\repos\AA3-Pathfinding-DavidCastro_PedroGonzalez_VictorRomero\AA3\SDL_Pathfinding\Greedy_Alg.cpp(18): message : see reference to function template instantiation 'std::pair<Vector2D,Vector2D>::pair<int,Vector2D,0>(std::pair<int,Vector2D> &&) noexcept(false)' being compiled
  main.cpp
C:\Users\usuario\source\repos\AA3-Pathfinding-DavidCastro_PedroGonzalez_VictorRomero\AA3\SDL_Pathfinding\Graph.h(11,21): warning C4018: '<': signed/unsigned mismatch
C:\Users\usuario\source\repos\AA3-Pathfinding-DavidCastro_PedroGonzalez_VictorRomero\AA3\SDL_Pathfinding\Graph.h(12,22): warning C4018: '<': signed/unsigned mismatch
C:\Users\usuario\source\repos\AA3-Pathfinding-DavidCastro_PedroGonzalez_VictorRomero\AA3\SDL_Pathfinding\Graph.h(15,50): warning C4244: 'argument': conversion from 'int' to 'float', possible loss of data
C:\Users\usuario\source\repos\AA3-Pathfinding-DavidCastro_PedroGonzalez_VictorRomero\AA3\SDL_Pathfinding\Graph.h(15,47): warning C4244: 'argument': conversion from 'int' to 'float', possible loss of data
C:\Users\usuario\source\repos\AA3-Pathfinding-DavidCastro_PedroGonzalez_VictorRomero\AA3\SDL_Pathfinding\Graph.h(19,55): warning C4244: 'argument': conversion from 'int' to 'float', possible loss of data
C:\Users\usuario\source\repos\AA3-Pathfinding-DavidCastro_PedroGonzalez_VictorRomero\AA3\SDL_Pathfinding\Graph.h(19,50): warning C4244: 'argument': conversion from 'int' to 'float', possible loss of data
C:\Users\usuario\source\repos\AA3-Pathfinding-DavidCastro_PedroGonzalez_VictorRomero\AA3\SDL_Pathfinding\Graph.h(24,16): warning C4018: '<': signed/unsigned mismatch
C:\Users\usuario\source\repos\AA3-Pathfinding-DavidCastro_PedroGonzalez_VictorRomero\AA3\SDL_Pathfinding\Graph.h(25,56): warning C4244: 'argument': conversion from 'int' to 'float', possible loss of data
C:\Users\usuario\source\repos\AA3-Pathfinding-DavidCastro_PedroGonzalez_VictorRomero\AA3\SDL_Pathfinding\Graph.h(25,51): warning C4244: 'argument': conversion from 'int' to 'float', possible loss of data
C:\Users\usuario\source\repos\AA3-Pathfinding-DavidCastro_PedroGonzalez_VictorRomero\AA3\SDL_Pathfinding\Graph.h(30,16): warning C4018: '<': signed/unsigned mismatch
C:\Users\usuario\source\repos\AA3-Pathfinding-DavidCastro_PedroGonzalez_VictorRomero\AA3\SDL_Pathfinding\Graph.h(31,57): warning C4244: 'argument': conversion from 'int' to 'float', possible loss of data
C:\Users\usuario\source\repos\AA3-Pathfinding-DavidCastro_PedroGonzalez_VictorRomero\AA3\SDL_Pathfinding\Graph.h(31,52): warning C4244: 'argument': conversion from 'int' to 'float', possible loss of data
C:\Users\usuario\source\repos\AA3-Pathfinding-DavidCastro_PedroGonzalez_VictorRomero\AA3\SDL_Pathfinding\Graph.h(37,55): warning C4244: 'argument': conversion from 'int' to 'float', possible loss of data
C:\Users\usuario\source\repos\AA3-Pathfinding-DavidCastro_PedroGonzalez_VictorRomero\AA3\SDL_Pathfinding\Graph.h(37,50): warning C4244: 'argument': conversion from 'int' to 'float', possible loss of data
C:\Users\usuario\source\repos\AA3-Pathfinding-DavidCastro_PedroGonzalez_VictorRomero\AA3\SDL_Pathfinding\Graph.h(50,27): warning C4018: '<': signed/unsigned mismatch
C:\Users\usuario\source\repos\AA3-Pathfinding-DavidCastro_PedroGonzalez_VictorRomero\AA3\SDL_Pathfinding\Graph.h(60,21): warning C4018: '<': signed/unsigned mismatch
C:\Users\usuario\source\repos\AA3-Pathfinding-DavidCastro_PedroGonzalez_VictorRomero\AA3\SDL_Pathfinding\Graph.h(73,21): warning C4018: '<': signed/unsigned mismatch
C:\Users\usuario\source\repos\AA3-Pathfinding-DavidCastro_PedroGonzalez_VictorRomero\AA3\SDL_Pathfinding\Graph.h(74,22): warning C4018: '<': signed/unsigned mismatch
C:\Users\usuario\source\repos\AA3-Pathfinding-DavidCastro_PedroGonzalez_VictorRomero\AA3\SDL_Pathfinding\Graph.h(110,11): warning C4244: 'return': conversion from 'int' to 'float', possible loss of data
C:\Users\usuario\source\repos\AA3-Pathfinding-DavidCastro_PedroGonzalez_VictorRomero\AA3\SDL_Pathfinding\main.cpp(24,12): warning C4244: 'argument': conversion from 'time_t' to 'unsigned int', possible loss of data
  SceneExercise1.cpp
C:\Users\usuario\source\repos\AA3-Pathfinding-DavidCastro_PedroGonzalez_VictorRomero\AA3\SDL_Pathfinding\Graph.h(11,21): warning C4018: '<': signed/unsigned mismatch
C:\Users\usuario\source\repos\AA3-Pathfinding-DavidCastro_PedroGonzalez_VictorRomero\AA3\SDL_Pathfinding\Graph.h(12,22): warning C4018: '<': signed/unsigned mismatch
C:\Users\usuario\source\repos\AA3-Pathfinding-DavidCastro_PedroGonzalez_VictorRomero\AA3\SDL_Pathfinding\Graph.h(15,50): warning C4244: 'argument': conversion from 'int' to 'float', possible loss of data
C:\Users\usuario\source\repos\AA3-Pathfinding-DavidCastro_PedroGonzalez_VictorRomero\AA3\SDL_Pathfinding\Graph.h(15,47): warning C4244: 'argument': conversion from 'int' to 'float', possible loss of data
C:\Users\usuario\source\repos\AA3-Pathfinding-DavidCastro_PedroGonzalez_VictorRomero\AA3\SDL_Pathfinding\Graph.h(19,55): warning C4244: 'argument': conversion from 'int' to 'float', possible loss of data
C:\Users\usuario\source\repos\AA3-Pathfinding-DavidCastro_PedroGonzalez_VictorRomero\AA3\SDL_Pathfinding\Graph.h(19,50): warning C4244: 'argument': conversion from 'int' to 'float', possible loss of data
C:\Users\usuario\source\repos\AA3-Pathfinding-DavidCastro_PedroGonzalez_VictorRomero\AA3\SDL_Pathfinding\Graph.h(24,16): warning C4018: '<': signed/unsigned mismatch
C:\Users\usuario\source\repos\AA3-Pathfinding-DavidCastro_PedroGonzalez_VictorRomero\AA3\SDL_Pathfinding\Graph.h(25,56): warning C4244: 'argument': conversion from 'int' to 'float', possible loss of data
C:\Users\usuario\source\repos\AA3-Pathfinding-DavidCastro_PedroGonzalez_VictorRomero\AA3\SDL_Pathfinding\Graph.h(25,51): warning C4244: 'argument': conversion from 'int' to 'float', possible loss of data
C:\Users\usuario\source\repos\AA3-Pathfinding-DavidCastro_PedroGonzalez_VictorRomero\AA3\SDL_Pathfinding\Graph.h(30,16): warning C4018: '<': signed/unsigned mismatch
C:\Users\usuario\source\repos\AA3-Pathfinding-DavidCastro_PedroGonzalez_VictorRomero\AA3\SDL_Pathfinding\Graph.h(31,57): warning C4244: 'argument': conversion from 'int' to 'float', possible loss of data
C:\Users\usuario\source\repos\AA3-Pathfinding-DavidCastro_PedroGonzalez_VictorRomero\AA3\SDL_Pathfinding\Graph.h(31,52): warning C4244: 'argument': conversion from 'int' to 'float', possible loss of data
C:\Users\usuario\source\repos\AA3-Pathfinding-DavidCastro_PedroGonzalez_VictorRomero\AA3\SDL_Pathfinding\Graph.h(37,55): warning C4244: 'argument': conversion from 'int' to 'float', possible loss of data
C:\Users\usuario\source\repos\AA3-Pathfinding-DavidCastro_PedroGonzalez_VictorRomero\AA3\SDL_Pathfinding\Graph.h(37,50): warning C4244: 'argument': conversion from 'int' to 'float', possible loss of data
C:\Users\usuario\source\repos\AA3-Pathfinding-DavidCastro_PedroGonzalez_VictorRomero\AA3\SDL_Pathfinding\Graph.h(50,27): warning C4018: '<': signed/unsigned mismatch
C:\Users\usuario\source\repos\AA3-Pathfinding-DavidCastro_PedroGonzalez_VictorRomero\AA3\SDL_Pathfinding\Graph.h(60,21): warning C4018: '<': signed/unsigned mismatch
C:\Users\usuario\source\repos\AA3-Pathfinding-DavidCastro_PedroGonzalez_VictorRomero\AA3\SDL_Pathfinding\Graph.h(73,21): warning C4018: '<': signed/unsigned mismatch
C:\Users\usuario\source\repos\AA3-Pathfinding-DavidCastro_PedroGonzalez_VictorRomero\AA3\SDL_Pathfinding\Graph.h(74,22): warning C4018: '<': signed/unsigned mismatch
C:\Users\usuario\source\repos\AA3-Pathfinding-DavidCastro_PedroGonzalez_VictorRomero\AA3\SDL_Pathfinding\Graph.h(110,11): warning C4244: 'return': conversion from 'int' to 'float', possible loss of data
  SceneExercise2.cpp
C:\Users\usuario\source\repos\AA3-Pathfinding-DavidCastro_PedroGonzalez_VictorRomero\AA3\SDL_Pathfinding\Graph.h(11,21): warning C4018: '<': signed/unsigned mismatch
C:\Users\usuario\source\repos\AA3-Pathfinding-DavidCastro_PedroGonzalez_VictorRomero\AA3\SDL_Pathfinding\Graph.h(12,22): warning C4018: '<': signed/unsigned mismatch
C:\Users\usuario\source\repos\AA3-Pathfinding-DavidCastro_PedroGonzalez_VictorRomero\AA3\SDL_Pathfinding\Graph.h(15,50): warning C4244: 'argument': conversion from 'int' to 'float', possible loss of data
C:\Users\usuario\source\repos\AA3-Pathfinding-DavidCastro_PedroGonzalez_VictorRomero\AA3\SDL_Pathfinding\Graph.h(15,47): warning C4244: 'argument': conversion from 'int' to 'float', possible loss of data
C:\Users\usuario\source\repos\AA3-Pathfinding-DavidCastro_PedroGonzalez_VictorRomero\AA3\SDL_Pathfinding\Graph.h(19,55): warning C4244: 'argument': conversion from 'int' to 'float', possible loss of data
C:\Users\usuario\source\repos\AA3-Pathfinding-DavidCastro_PedroGonzalez_VictorRomero\AA3\SDL_Pathfinding\Graph.h(19,50): warning C4244: 'argument': conversion from 'int' to 'float', possible loss of data
C:\Users\usuario\source\repos\AA3-Pathfinding-DavidCastro_PedroGonzalez_VictorRomero\AA3\SDL_Pathfinding\Graph.h(24,16): warning C4018: '<': signed/unsigned mismatch
C:\Users\usuario\source\repos\AA3-Pathfinding-DavidCastro_PedroGonzalez_VictorRomero\AA3\SDL_Pathfinding\Graph.h(25,56): warning C4244: 'argument': conversion from 'int' to 'float', possible loss of data
C:\Users\usuario\source\repos\AA3-Pathfinding-DavidCastro_PedroGonzalez_VictorRomero\AA3\SDL_Pathfinding\Graph.h(25,51): warning C4244: 'argument': conversion from 'int' to 'float', possible loss of data
C:\Users\usuario\source\repos\AA3-Pathfinding-DavidCastro_PedroGonzalez_VictorRomero\AA3\SDL_Pathfinding\Graph.h(30,16): warning C4018: '<': signed/unsigned mismatch
C:\Users\usuario\source\repos\AA3-Pathfinding-DavidCastro_PedroGonzalez_VictorRomero\AA3\SDL_Pathfinding\Graph.h(31,57): warning C4244: 'argument': conversion from 'int' to 'float', possible loss of data
C:\Users\usuario\source\repos\AA3-Pathfinding-DavidCastro_PedroGonzalez_VictorRomero\AA3\SDL_Pathfinding\Graph.h(31,52): warning C4244: 'argument': conversion from 'int' to 'float', possible loss of data
C:\Users\usuario\source\repos\AA3-Pathfinding-DavidCastro_PedroGonzalez_VictorRomero\AA3\SDL_Pathfinding\Graph.h(37,55): warning C4244: 'argument': conversion from 'int' to 'float', possible loss of data
C:\Users\usuario\source\repos\AA3-Pathfinding-DavidCastro_PedroGonzalez_VictorRomero\AA3\SDL_Pathfinding\Graph.h(37,50): warning C4244: 'argument': conversion from 'int' to 'float', possible loss of data
C:\Users\usuario\source\repos\AA3-Pathfinding-DavidCastro_PedroGonzalez_VictorRomero\AA3\SDL_Pathfinding\Graph.h(50,27): warning C4018: '<': signed/unsigned mismatch
C:\Users\usuario\source\repos\AA3-Pathfinding-DavidCastro_PedroGonzalez_VictorRomero\AA3\SDL_Pathfinding\Graph.h(60,21): warning C4018: '<': signed/unsigned mismatch
C:\Users\usuario\source\repos\AA3-Pathfinding-DavidCastro_PedroGonzalez_VictorRomero\AA3\SDL_Pathfinding\Graph.h(73,21): warning C4018: '<': signed/unsigned mismatch
C:\Users\usuario\source\repos\AA3-Pathfinding-DavidCastro_PedroGonzalez_VictorRomero\AA3\SDL_Pathfinding\Graph.h(74,22): warning C4018: '<': signed/unsigned mismatch
C:\Users\usuario\source\repos\AA3-Pathfinding-DavidCastro_PedroGonzalez_VictorRomero\AA3\SDL_Pathfinding\Graph.h(110,11): warning C4244: 'return': conversion from 'int' to 'float', possible loss of data
C:\Users\usuario\source\repos\AA3-Pathfinding-DavidCastro_PedroGonzalez_VictorRomero\AA3\SDL_Pathfinding\SceneExercise2.cpp(38,26): warning C4018: '<': signed/unsigned mismatch
C:\Users\usuario\source\repos\AA3-Pathfinding-DavidCastro_PedroGonzalez_VictorRomero\AA3\SDL_Pathfinding\SceneExercise2.cpp(110,26): warning C4018: '<': signed/unsigned mismatch
C:\Users\usuario\source\repos\AA3-Pathfinding-DavidCastro_PedroGonzalez_VictorRomero\AA3\SDL_Pathfinding\SceneExercise2.cpp(130,30): warning C4018: '<': signed/unsigned mismatch
C:\Users\usuario\source\repos\AA3-Pathfinding-DavidCastro_PedroGonzalez_VictorRomero\AA3\SDL_Pathfinding\SceneExercise2.cpp(143,26): warning C4018: '<': signed/unsigned mismatch
  SceneExercise3.cpp
C:\Users\usuario\source\repos\AA3-Pathfinding-DavidCastro_PedroGonzalez_VictorRomero\AA3\SDL_Pathfinding\Graph.h(11,21): warning C4018: '<': signed/unsigned mismatch
C:\Users\usuario\source\repos\AA3-Pathfinding-DavidCastro_PedroGonzalez_VictorRomero\AA3\SDL_Pathfinding\Graph.h(12,22): warning C4018: '<': signed/unsigned mismatch
C:\Users\usuario\source\repos\AA3-Pathfinding-DavidCastro_PedroGonzalez_VictorRomero\AA3\SDL_Pathfinding\Graph.h(15,50): warning C4244: 'argument': conversion from 'int' to 'float', possible loss of data
C:\Users\usuario\source\repos\AA3-Pathfinding-DavidCastro_PedroGonzalez_VictorRomero\AA3\SDL_Pathfinding\Graph.h(15,47): warning C4244: 'argument': conversion from 'int' to 'float', possible loss of data
C:\Users\usuario\source\repos\AA3-Pathfinding-DavidCastro_PedroGonzalez_VictorRomero\AA3\SDL_Pathfinding\Graph.h(19,55): warning C4244: 'argument': conversion from 'int' to 'float', possible loss of data
C:\Users\usuario\source\repos\AA3-Pathfinding-DavidCastro_PedroGonzalez_VictorRomero\AA3\SDL_Pathfinding\Graph.h(19,50): warning C4244: 'argument': conversion from 'int' to 'float', possible loss of data
C:\Users\usuario\source\repos\AA3-Pathfinding-DavidCastro_PedroGonzalez_VictorRomero\AA3\SDL_Pathfinding\Graph.h(24,16): warning C4018: '<': signed/unsigned mismatch
C:\Users\usuario\source\repos\AA3-Pathfinding-DavidCastro_PedroGonzalez_VictorRomero\AA3\SDL_Pathfinding\Graph.h(25,56): warning C4244: 'argument': conversion from 'int' to 'float', possible loss of data
C:\Users\usuario\source\repos\AA3-Pathfinding-DavidCastro_PedroGonzalez_VictorRomero\AA3\SDL_Pathfinding\Graph.h(25,51): warning C4244: 'argument': conversion from 'int' to 'float', possible loss of data
C:\Users\usuario\source\repos\AA3-Pathfinding-DavidCastro_PedroGonzalez_VictorRomero\AA3\SDL_Pathfinding\Graph.h(30,16): warning C4018: '<': signed/unsigned mismatch
C:\Users\usuario\source\repos\AA3-Pathfinding-DavidCastro_PedroGonzalez_VictorRomero\AA3\SDL_Pathfinding\Graph.h(31,57): warning C4244: 'argument': conversion from 'int' to 'float', possible loss of data
C:\Users\usuario\source\repos\AA3-Pathfinding-DavidCastro_PedroGonzalez_VictorRomero\AA3\SDL_Pathfinding\Graph.h(31,52): warning C4244: 'argument': conversion from 'int' to 'float', possible loss of data
C:\Users\usuario\source\repos\AA3-Pathfinding-DavidCastro_PedroGonzalez_VictorRomero\AA3\SDL_Pathfinding\Graph.h(37,55): warning C4244: 'argument': conversion from 'int' to 'float', possible loss of data
C:\Users\usuario\source\repos\AA3-Pathfinding-DavidCastro_PedroGonzalez_VictorRomero\AA3\SDL_Pathfinding\Graph.h(37,50): warning C4244: 'argument': conversion from 'int' to 'float', possible loss of data
C:\Users\usuario\source\repos\AA3-Pathfinding-DavidCastro_PedroGonzalez_VictorRomero\AA3\SDL_Pathfinding\Graph.h(50,27): warning C4018: '<': signed/unsigned mismatch
C:\Users\usuario\source\repos\AA3-Pathfinding-DavidCastro_PedroGonzalez_VictorRomero\AA3\SDL_Pathfinding\Graph.h(60,21): warning C4018: '<': signed/unsigned mismatch
C:\Users\usuario\source\repos\AA3-Pathfinding-DavidCastro_PedroGonzalez_VictorRomero\AA3\SDL_Pathfinding\Graph.h(73,21): warning C4018: '<': signed/unsigned mismatch
C:\Users\usuario\source\repos\AA3-Pathfinding-DavidCastro_PedroGonzalez_VictorRomero\AA3\SDL_Pathfinding\Graph.h(74,22): warning C4018: '<': signed/unsigned mismatch
C:\Users\usuario\source\repos\AA3-Pathfinding-DavidCastro_PedroGonzalez_VictorRomero\AA3\SDL_Pathfinding\Graph.h(110,11): warning C4244: 'return': conversion from 'int' to 'float', possible loss of data
  Generating Code...
C:\Users\usuario\source\repos\AA3-Pathfinding-DavidCastro_PedroGonzalez_VictorRomero\AA3\SDL_Pathfinding\Greedy_Alg.cpp(55): warning C4715: 'Greedy_Alg::CalculatePathNodes': not all control paths return a value
C:\Users\usuario\source\repos\AA3-Pathfinding-DavidCastro_PedroGonzalez_VictorRomero\AA3\SDL_Pathfinding\Djikstra_Alg.cpp(67): warning C4715: 'Djikstra_Alg::CalculatePathNodes': not all control paths return a value
C:\Users\usuario\source\repos\AA3-Pathfinding-DavidCastro_PedroGonzalez_VictorRomero\AA3\SDL_Pathfinding\BFS_Alg.cpp(46): warning C4715: 'BFS_Alg::CalculatePathNodes': not all control paths return a value
C:\Users\usuario\source\repos\AA3-Pathfinding-DavidCastro_PedroGonzalez_VictorRomero\AA3\SDL_Pathfinding\AStar_Alg.cpp(73): warning C4715: 'AStar_Alg::CalculatePathNodes': not all control paths return a value
  SDL_Pathfinding.vcxproj -> C:\Users\usuario\source\repos\AA3-Pathfinding-DavidCastro_PedroGonzalez_VictorRomero\AA3\bin\SDL_Pathfinding.exe
